listening on *:3031
Socket Connected Successfully!
p-SYsVhFw7ey4rt1AAAA subscribed to notifications-2
{
  sender_user_id: 2,
  reference_id: 6,
  type: 'new_upcoming_projects',
  receiver_user_id: 2,
  message: 'You have a new project invitation.',
  project_date_from: null,
  project_date_to: null,
  project_status_id: null,
  pre_message: 'You have a new project invitation.',
  post_message: null,
  updated_at: '2022-02-09T11:19:12.000000Z',
  created_at: '2022-02-09T11:19:12.000000Z',
  id: 4,
  display_message: [
    {
      message: 'You have a new project invitation.',
      color: '474747',
      weight: 400,
      bold: false,
      background: '',
      badge: false,
      date: false
    },
    {
      message: '00006-20220209-00002',
      color: '2040EB',
      weight: 800,
      bold: true,
      background: '',
      badge: false,
      date: false
    }
  ],
  sender: {
    id: 2,
    first_name: 'Jim',
    last_name: 'Levi',
    profile_photo_url: 'http://127.0.0.1:8000/storage/images/placeholder/placeholder-default.jpg',
    location: []
  }
}
Socket Disconnected
Socket Connected Successfully!
rcwlG2ma42RtPla5AAAB subscribed to notifications-2
{
  sender_user_id: 2,
  reference_id: 6,
  type: 'new_upcoming_projects',
  receiver_user_id: 2,
  message: 'You have a new project invitation.',
  project_date_from: null,
  project_date_to: null,
  project_status_id: null,
  pre_message: 'You have a new project invitation.',
  post_message: null,
  updated_at: '2022-02-09T11:19:12.000000Z',
  created_at: '2022-02-09T11:19:12.000000Z',
  id: 4,
  display_message: [
    {
      message: 'You have a new project invitation.',
      color: '474747',
      weight: 400,
      bold: false,
      background: '',
      badge: false,
      date: false
    },
    {
      message: '00006-20220209-00002',
      color: '2040EB',
      weight: 800,
      bold: true,
      background: '',
      badge: false,
      date: false
    }
  ],
  sender: {
    id: 2,
    first_name: 'Jim',
    last_name: 'Levi',
    profile_photo_url: 'http://127.0.0.1:8000/storage/images/placeholder/placeholder-default.jpg',
    location: []
  }
}
Socket Connected Successfully!
dvaLp3Jv67aoUiZdAAAC subscribed to notifications-2
Socket Disconnected
Socket Connected Successfully!
yal40Y-hEtzTZbNoAAAD subscribed to notifications-2
